Flow report for szznew
Thu May 25 08:16:28 2017
Quartus II 64-Bit Version 9.1 Build 350 03/24/2010 Service Pack 2 SJ Full Version


---------------------
; Table of Contents ;
---------------------
  1. Legal Notice
  2. Flow Summary
  3. Flow Settings
  4. Flow Non-Default Global Settings
  5. Flow Elapsed Time
  6. Flow OS Summary
  7. Flow Log



----------------
; Legal Notice ;
----------------
Copyright (C) 1991-2010 Altera Corporation
Your use of Altera Corporation's design tools, logic functions 
and other software and tools, and its AMPP partner logic 
functions, and any output files from any of the foregoing 
(including device programming or simulation files), and any 
associated documentation or information are expressly subject 
to the terms and conditions of the Altera Program License 
Subscription Agreement, Altera MegaCore Function License 
Agreement, or other applicable license agreement, including, 
without limitation, that your use is for the sole purpose of 
programming logic devices manufactured by Altera and sold by 
Altera or its authorized distributors.  Please refer to the 
applicable agreement for further details.



+------------------------------------------------------------------------------------+
; Flow Summary                                                                       ;
+------------------------------------+-----------------------------------------------+
; Flow Status                        ; Successful - Thu May 25 08:16:26 2017         ;
; Quartus II 64-Bit Version          ; 9.1 Build 350 03/24/2010 SP 2 SJ Full Version ;
; Revision Name                      ; szznew                                        ;
; Top-level Entity Name              ; szznew                                        ;
; Family                             ; Cyclone III                                   ;
; Device                             ; EP3C16F484C6                                  ;
; Timing Models                      ; Final                                         ;
; Met timing requirements            ; N/A                                           ;
; Total logic elements               ; 171 / 15,408 ( 1 % )                          ;
;     Total combinational functions  ; 171 / 15,408 ( 1 % )                          ;
;     Dedicated logic registers      ; 66 / 15,408 ( < 1 % )                         ;
; Total registers                    ; 66                                            ;
; Total pins                         ; 61 / 347 ( 18 % )                             ;
; Total virtual pins                 ; 0                                             ;
; Total memory bits                  ; 0 / 516,096 ( 0 % )                           ;
; Embedded Multiplier 9-bit elements ; 0 / 112 ( 0 % )                               ;
; Total PLLs                         ; 0 / 4 ( 0 % )                                 ;
+------------------------------------+-----------------------------------------------+


+-----------------------------------------+
; Flow Settings                           ;
+-------------------+---------------------+
; Option            ; Setting             ;
+-------------------+---------------------+
; Start date & time ; 05/25/2017 08:16:08 ;
; Main task         ; Compilation         ;
; Revision Name     ; szznew              ;
+-------------------+---------------------+


+---------------------------------------------------------------------------------------------------------------------+
; Flow Non-Default Global Settings                                                                                    ;
+------------------------------------+---------------------------------+---------------+-------------+----------------+
; Assignment Name                    ; Value                           ; Default Value ; Entity Name ; Section Id     ;
+------------------------------------+---------------------------------+---------------+-------------+----------------+
; COMPILER_SIGNATURE_ID              ; 190206091867340.149567136807776 ; --            ; --          ; --             ;
; MAX_CORE_JUNCTION_TEMP             ; 85                              ; --            ; --          ; --             ;
; MIN_CORE_JUNCTION_TEMP             ; 0                               ; --            ; --          ; --             ;
; MISC_FILE                          ; D:/32bit/szznew/szznew.dpf      ; --            ; --          ; --             ;
; MISC_FILE                          ; F:/szznew/szznew.dpf            ; --            ; --          ; --             ;
; NOMINAL_CORE_SUPPLY_VOLTAGE        ; 1.2V                            ; --            ; --          ; --             ;
; PARTITION_COLOR                    ; 16764057                        ; --            ; --          ; Top            ;
; PARTITION_NETLIST_TYPE             ; SOURCE                          ; --            ; --          ; Top            ;
; PROJECT_OUTPUT_DIRECTORY           ; D:\32bit\szznew                 ; --            ; --          ; --             ;
; SEARCH_PATH                        ; common/devinfo/max7000s/        ; --            ; --          ; --             ;
; SEARCH_PATH                        ; common/devinfo/max7000b/        ; --            ; --          ; --             ;
; SEARCH_PATH                        ; common/devinfo/max7000ae/       ; --            ; --          ; --             ;
; SEARCH_PATH                        ; common/devinfo/max7000a/        ; --            ; --          ; --             ;
; SEARCH_PATH                        ; common/devinfo/max3000a/        ; --            ; --          ; --             ;
; SEARCH_PATH                        ; common/devinfo/stratixiv/       ; --            ; --          ; --             ;
; SEARCH_PATH                        ; common/devinfo/stratixiii/      ; --            ; --          ; --             ;
; SEARCH_PATH                        ; common/devinfo/hardcopyiii/     ; --            ; --          ; --             ;
; SEARCH_PATH                        ; common/devinfo/stratixiigx/     ; --            ; --          ; --             ;
; SEARCH_PATH                        ; common/devinfo/stratixii/       ; --            ; --          ; --             ;
; SEARCH_PATH                        ; common/devinfo/hardcopyii/      ; --            ; --          ; --             ;
; SEARCH_PATH                        ; common/devinfo/stratixgx/       ; --            ; --          ; --             ;
; SEARCH_PATH                        ; common/devinfo/stratix/         ; --            ; --          ; --             ;
; SEARCH_PATH                        ; common/devinfo/maxii/           ; --            ; --          ; --             ;
; SEARCH_PATH                        ; common/devinfo/cycloneivgx/     ; --            ; --          ; --             ;
; SEARCH_PATH                        ; common/devinfo/cycloneiii/      ; --            ; --          ; --             ;
; SEARCH_PATH                        ; common/devinfo/cycloneii/       ; --            ; --          ; --             ;
; SEARCH_PATH                        ; common/devinfo/cyclone/         ; --            ; --          ; --             ;
; SEARCH_PATH                        ; common/devinfo/arriaii/         ; --            ; --          ; --             ;
; SEARCH_PATH                        ; common/devinfo/arriagx/         ; --            ; --          ; --             ;
; USE_GENERATED_PHYSICAL_CONSTRAINTS ; Off                             ; --            ; --          ; eda_blast_fpga ;
+------------------------------------+---------------------------------+---------------+-------------+----------------+


+-------------------------------------------------------------------------------------------------------------------------------+
; Flow Elapsed Time                                                                                                             ;
+---------------------------+--------------+-------------------------+---------------------+------------------------------------+
; Module Name               ; Elapsed Time ; Average Processors Used ; Peak Virtual Memory ; Total CPU Time (on all processors) ;
+---------------------------+--------------+-------------------------+---------------------+------------------------------------+
; Analysis & Synthesis      ; 00:00:05     ; 1.0                     ; 267 MB              ; 00:00:01                           ;
; Fitter                    ; 00:00:06     ; 1.4                     ; 368 MB              ; 00:00:06                           ;
; TimeQuest Timing Analyzer ; 00:00:03     ; 1.0                     ; 314 MB              ; 00:00:03                           ;
; Assembler                 ; 00:00:00     ; 1.0                     ; 209 MB              ; 00:00:00                           ;
; Total                     ; 00:00:14     ; --                      ; --                  ; 00:00:10                           ;
+---------------------------+--------------+-------------------------+---------------------+------------------------------------+


+--------------------------------------------------------------------------------------------+
; Flow OS Summary                                                                            ;
+---------------------------+------------------+---------------+------------+----------------+
; Module Name               ; Machine Hostname ; OS Name       ; OS Version ; Processor type ;
+---------------------------+------------------+---------------+------------+----------------+
; Analysis & Synthesis      ; yyy-PC           ; Windows Vista ; 6.1        ; x86_64         ;
; Fitter                    ; yyy-PC           ; Windows Vista ; 6.1        ; x86_64         ;
; Assembler                 ; yyy-PC           ; Windows Vista ; 6.1        ; x86_64         ;
; TimeQuest Timing Analyzer ; yyy-PC           ; Windows Vista ; 6.1        ; x86_64         ;
+---------------------------+------------------+---------------+------------+----------------+


------------
; Flow Log ;
------------
quartus_map --read_settings_files=on --write_settings_files=off szznew -c szznew
quartus_fit --read_settings_files=off --write_settings_files=off szznew -c szznew
quartus_asm --read_settings_files=off --write_settings_files=off szznew -c szznew
quartus_sta szznew -c szznew



